<?xml version="1.0" encoding="UTF-8"?>
<!-- Generated by org.testng.reporters.JUnitReportReporter -->
<testsuite hostname="DESKTOP-DFECGDI" failures="0" tests="2" name="org.quality.practica.PracticaTestNG" time="122.302" errors="0" timestamp="2022-10-21T00:00:27 ART" skipped="0">
  <testcase classname="org.quality.practica.PracticaTestNG" name="testTextoBlue" time="68.073"/>
  <system-out/>
  <testcase classname="org.quality.practica.PracticaTestNG" name="testTextoBlack" time="54.229"/>
  <system-out/>
</testsuite> <!-- org.quality.practica.PracticaTestNG -->
