<?xml version="1.0" encoding="UTF-8"?>
<!-- Generated by org.testng.reporters.JUnitReportReporter -->
<testsuite hostname="DESKTOP-DFECGDI" failures="0" tests="2" name="org.quality.practica.PracticaTestNG" time="79.248" errors="0" timestamp="2022-10-22T00:38:40 ART" skipped="0">
  <testcase classname="org.quality.practica.PracticaTestNG" name="testTextoBlack" time="34.897"/>
  <system-out/>
  <testcase classname="org.quality.practica.PracticaTestNG" name="testTextoBlue" time="44.351"/>
  <system-out/>
</testsuite> <!-- org.quality.practica.PracticaTestNG -->
