<?xml version="1.0" encoding="UTF-8"?>
<!-- Generated by org.testng.reporters.JUnitReportReporter -->
<testsuite hostname="DESKTOP-DFECGDI" failures="0" tests="2" name="org.quality.restAssured.PracticaRestAssured" time="9.423" errors="0" timestamp="2022-10-23T22:38:59 ART" skipped="0">
  <testcase classname="org.quality.restAssured.PracticaRestAssured" name="verifyUser" time="0.791"/>
  <system-out/>
  <testcase classname="org.quality.restAssured.PracticaRestAssured" name="createUser" time="8.632"/>
  <system-out/>
</testsuite> <!-- org.quality.restAssured.PracticaRestAssured -->
