<?xml version="1.0" encoding="UTF-8"?>
<!-- Generated by org.testng.reporters.JUnitReportReporter -->
<testsuite hostname="DESKTOP-DFECGDI" failures="0" tests="2" name="org.quality.restAssured.PracticaRestAssured" time="10.714" errors="0" timestamp="2022-10-23T21:59:17 ART" skipped="0">
  <testcase classname="org.quality.restAssured.PracticaRestAssured" name="verifyUser" time="9.780"/>
  <system-out/>
  <testcase classname="org.quality.restAssured.PracticaRestAssured" name="createUser" time="0.934"/>
  <system-out/>
</testsuite> <!-- org.quality.restAssured.PracticaRestAssured -->
