<?xml version="1.0" encoding="UTF-8"?>
<!-- Generated by org.testng.reporters.JUnitReportReporter -->
<testsuite hostname="DESKTOP-DFECGDI" failures="0" tests="2" name="org.quality.practica.PracticaTestNG" time="53.287" errors="0" timestamp="2022-10-21T18:47:41 ART" skipped="0">
  <testcase classname="org.quality.practica.PracticaTestNG" name="testTextoBlack" time="31.279"/>
  <system-out/>
  <testcase classname="org.quality.practica.PracticaTestNG" name="testTextoBlue" time="22.008"/>
  <system-out/>
</testsuite> <!-- org.quality.practica.PracticaTestNG -->
